# JRE version: OpenJDK Runtime Environment Temurin-17.0.11+9 (17.0.11+9) (build 17.0.11+9)
# Java VM: OpenJDK 64-Bit Server VM Temurin-17.0.11+9 (17.0.11+9, mixed mode, sharing, tiered, compressed oops, compressed class ptrs, g1 gc, windows-amd64)
GC Precious Log:
 CPUs: 8 total, 8 available
 Memory: 8048M
 Large Page Support: Disabled
 NUMA Support: Disabled
 Compressed Oops: Enabled (32-bit)
 Heap Region Size: 1M
 Heap Min Capacity: 256M
 Heap Initial Capacity: 256M
 Heap Max Capacity: 512M
 Pre-touch: Disabled
 Parallel Workers: 8
 Concurrent Workers: 2
 Concurrent Refinement Workers: 8
 Periodic GC: Disabled
Heap:
 garbage-first heap   total 262144K, used 165985K [0x00000000e0000000, 0x0000000100000000)
  region size 1024K, 95 young (97280K), 11 survivors (11264K)
 Metaspace       used 53193K, committed 53888K, reserved 393216K
  class space    used 7611K, committed 7936K, reserved 327680K
GC Heap History (16 events):
Event: 3.101 GC heap before
{Heap before GC invocations=0 (full 0):
 garbage-first heap   total 262144K, used 26624K [0x00000000e0000000, 0x0000000100000000)
  region size 1024K, 23 young (23552K), 0 survivors (0K)
 Metaspace       used 2105K, committed 2240K, reserved 393216K
  class space    used 226K, committed 320K, reserved 327680K
}
Event: 3.213 GC heap after
{Heap after GC invocations=1 (full 0):
 garbage-first heap   total 262144K, used 10475K [0x00000000e0000000, 0x0000000100000000)
  region size 1024K, 3 young (3072K), 3 survivors (3072K)
 Metaspace       used 2105K, committed 2240K, reserved 393216K
  class space    used 226K, committed 320K, reserved 327680K
}
Event: 7.079 GC heap before
{Heap before GC invocations=1 (full 0):
 garbage-first heap   total 262144K, used 37099K [0x00000000e0000000, 0x0000000100000000)
  region size 1024K, 29 young (29696K), 3 survivors (3072K)
 Metaspace       used 4043K, committed 4224K, reserved 393216K
  class space    used 503K, committed 640K, reserved 327680K
}
Event: 7.083 GC heap after
{Heap after GC invocations=2 (full 0):
 garbage-first heap   total 262144K, used 11849K [0x00000000e0000000, 0x0000000100000000)
  region size 1024K, 2 young (2048K), 2 survivors (2048K)
 Metaspace       used 4043K, committed 4224K, reserved 393216K
  class space    used 503K, committed 640K, reserved 327680K
}
Event: 19.380 GC heap before
{Heap before GC invocations=2 (full 0):
 garbage-first heap   total 262144K, used 123465K [0x00000000e0000000, 0x0000000100000000)
  region size 1024K, 109 young (111616K), 2 survivors (2048K)
 Metaspace       used 18634K, committed 18944K, reserved 393216K
  class space    used 2697K, committed 2880K, reserved 327680K
}
Event: 19.396 GC heap after
{Heap after GC invocations=3 (full 0):
 garbage-first heap   total 262144K, used 22454K [0x00000000e0000000, 0x0000000100000000)
  region size 1024K, 11 young (11264K), 11 survivors (11264K)
 Metaspace       used 18634K, committed 18944K, reserved 393216K
  class space    used 2697K, committed 2880K, reserved 327680K
}
Event: 20.983 GC heap before
{Heap before GC invocations=3 (full 0):
 garbage-first heap   total 262144K, used 43958K [0x00000000e0000000, 0x0000000100000000)
  region size 1024K, 33 young (33792K), 11 survivors (11264K)
 Metaspace       used 21208K, committed 21504K, reserved 393216K
  class space    used 3120K, committed 3264K, reserved 327680K
}
Event: 20.994 GC heap after
{Heap after GC invocations=4 (full 0):
 garbage-first heap   total 262144K, used 24207K [0x00000000e0000000, 0x0000000100000000)
  region size 1024K, 12 young (12288K), 12 survivors (12288K)
 Metaspace       used 21208K, committed 21504K, reserved 393216K
  class space    used 3120K, committed 3264K, reserved 327680K
}
Event: 28.192 GC heap before
{Heap before GC invocations=5 (full 0):
 garbage-first heap   total 262144K, used 159375K [0x00000000e0000000, 0x0000000100000000)
  region size 1024K, 130 young (133120K), 12 survivors (12288K)
 Metaspace       used 35557K, committed 35968K, reserved 393216K
  class space    used 4982K, committed 5184K, reserved 327680K
}
Event: 28.212 GC heap after
{Heap after GC invocations=6 (full 0):
 garbage-first heap   total 262144K, used 46423K [0x00000000e0000000, 0x0000000100000000)
  region size 1024K, 13 young (13312K), 13 survivors (13312K)
 Metaspace       used 35557K, committed 35968K, reserved 393216K
  class space    used 4982K, committed 5184K, reserved 327680K
}
Event: 28.457 GC heap before
{Heap before GC invocations=6 (full 0):
 garbage-first heap   total 262144K, used 47447K [0x00000000e0000000, 0x0000000100000000)
  region size 1024K, 14 young (14336K), 13 survivors (13312K)
 Metaspace       used 35664K, committed 36096K, reserved 393216K
  class space    used 5000K, committed 5184K, reserved 327680K
}
Event: 28.469 GC heap after
{Heap after GC invocations=7 (full 0):
 garbage-first heap   total 262144K, used 46970K [0x00000000e0000000, 0x0000000100000000)
  region size 1024K, 2 young (2048K), 2 survivors (2048K)
 Metaspace       used 35664K, committed 36096K, reserved 393216K
  class space    used 5000K, committed 5184K, reserved 327680K
}
Event: 28.545 GC heap before
{Heap before GC invocations=7 (full 0):
 garbage-first heap   total 262144K, used 49018K [0x00000000e0000000, 0x0000000100000000)
  region size 1024K, 5 young (5120K), 2 survivors (2048K)
 Metaspace       used 35949K, committed 36288K, reserved 393216K
  class space    used 5028K, committed 5184K, reserved 327680K
}
Event: 28.547 GC heap after
{Heap after GC invocations=8 (full 0):
 garbage-first heap   total 262144K, used 45998K [0x00000000e0000000, 0x0000000100000000)
  region size 1024K, 1 young (1024K), 1 survivors (1024K)
 Metaspace       used 35949K, committed 36288K, reserved 393216K
  class space    used 5028K, committed 5184K, reserved 327680K
}
Event: 39.165 GC heap before
{Heap before GC invocations=9 (full 0):
 garbage-first heap   total 262144K, used 200622K [0x00000000e0000000, 0x0000000100000000)
  region size 1024K, 138 young (141312K), 1 survivors (1024K)
 Metaspace       used 47716K, committed 48320K, reserved 393216K
  class space    used 6773K, committed 7040K, reserved 327680K
}
Event: 39.181 GC heap after
{Heap after GC invocations=10 (full 0):
 garbage-first heap   total 262144K, used 69729K [0x00000000e0000000, 0x0000000100000000)
  region size 1024K, 11 young (11264K), 11 survivors (11264K)
 Metaspace       used 47716K, committed 48320K, reserved 393216K
  class space    used 6773K, committed 7040K, reserved 327680K
}

